        -:    0:Source:Password.cpp
        -:    0:Graph:Password.gcno
        -:    0:Data:Password.gcda
        -:    0:Runs:1
        -:    1:#include "Password.h"
        -:    2:#include <string>
        -:    3:
        -:    4:using std::string;
        -:    5:
        -:    6:/*
        -:    7:  The function receives a string counts how many times the same character 
        -:    8:  occurs at the beginning of the string, before any other characters (or the
        -:    9:  end of the string). The function is case-sensitive so 'Z' is different than
        -:   10:  'z' and any ASCII characters are allowed.
        -:   11:*/
        2:   12:int Password::count_leading_characters(string phrase){
        2:   13:  int repetition = 1;
        2:   14:  int index = 0;
       2*:   15:  while( index < phrase.length()-1 && phrase[index] == phrase[index+1] ){
    #####:   16:    repetition++;
    #####:   17:    index++;
        -:   18:  }
        2:   19:  return repetition;
        -:   20:}
        -:   21:
        -:   22:/*
        -:   23:  receives a string and returns whether it has both at least one upper-case
        -:   24:  letter and at least one lower-case letter
        -:   25:*/
        -:   26:// Implementation E
        1:   27:bool Password::has_mixed_case(string str)
        -:   28:{
        1:   29:  bool found = false;
        3:   30:  for(char c : str){
        3:   31:    if( !found && c >= 'A' && c <= 'Z' ){
        1:   32:      found = true;
        -:   33:    }
        2:   34:    else if( found && c >= 'a' && c <= 'z'){
        1:   35:      return true;
        -:   36:    }
        -:   37:  }
    #####:   38:  return false;
        -:   39:}
        -:   40:
        1:   41:unsigned int Password::unique_characters(string str)
        -:   42:{
        1:   43:  unsigned int count = 0;
        1:   44:  bool found[256] = {false};
        4:   45:  for(char c : str){
        3:   46:    if( !found[(unsigned char)c] ){
        3:   47:      found[(unsigned char)c] = true;
        3:   48:      count++;
        -:   49:    }
        -:   50:  }
        1:   51:  return count;
        -:   52:}
